2026-03-11 12:57:10,906 - INFO - Rolling months: [('Feb', '2026'), ('Jan', '2026'), ('Dec', '2025'), ('Nov', '2025'), ('Oct', '2025'), ('Sep', '2025'), ('Aug', '2025'), ('Jul', '2025'), ('Jun', '2025'), ('May', '2025'), ('Apr', '2025'), ('Mar', '2025')]
2026-03-11 12:57:10,907 - INFO - Years needed: ['2025', '2026']
2026-03-11 12:57:10,907 - INFO - Fetching API → 2025
2026-03-11 12:57:11,981 - INFO - API success for 2025
2026-03-11 12:57:11,982 - INFO - Fetching API → 2026
2026-03-11 12:57:12,968 - INFO - API success for 2026
2026-03-11 12:57:12,969 - INFO - Starting download for rolling 12 months
2026-03-11 12:57:12,971 - INFO - Already exists: Invesco_India_ELSS_Tax_Saver_Fund_Dec_2025.xlsx
2026-03-11 12:57:13,476 - INFO - Already exists: Invesco_India_ELSS_Tax_Saver_Fund_Nov_2025.xlsx
2026-03-11 12:57:13,977 - INFO - Already exists: Invesco_India_ELSS_Tax_Saver_Fund_Oct_2025.xlsx
2026-03-11 12:57:14,483 - INFO - Already exists: Invesco_India_ELSS_Tax_Saver_Fund_Sep_2025.xlsx
2026-03-11 12:57:14,989 - INFO - Already exists: Invesco_India_ELSS_Tax_Saver_Fund_Aug_2025.xlsx
2026-03-11 12:57:15,495 - INFO - Already exists: Invesco_India_ELSS_Tax_Saver_Fund_Jul_2025.xlsx
2026-03-11 12:57:16,001 - INFO - Already exists: Invesco_India_ELSS_Tax_Saver_Fund_Jun_2025.xlsx
2026-03-11 12:57:16,503 - INFO - Already exists: Invesco_India_ELSS_Tax_Saver_Fund_May_2025.xlsx
2026-03-11 12:57:17,010 - INFO - Already exists: Invesco_India_ELSS_Tax_Saver_Fund_Apr_2025.xlsx
2026-03-11 12:57:17,516 - INFO - Already exists: Invesco_India_ELSS_Tax_Saver_Fund_Mar_2025.xlsx
2026-03-11 12:57:18,022 - INFO - Already exists: Invesco_India_Contra_Fund_Dec_2025.xlsx
2026-03-11 12:57:18,528 - INFO - Already exists: Invesco_India_Contra_Fund_Nov_2025.xlsx
2026-03-11 12:57:19,034 - INFO - Already exists: Invesco_India_Contra_Fund_Oct_2025.xlsx
2026-03-11 12:57:19,535 - INFO - Already exists: Invesco_India_Contra_Fund_Sep_2025.xlsx
2026-03-11 12:57:20,039 - INFO - Already exists: Invesco_India_Contra_Fund_Aug_2025.xlsx
2026-03-11 12:57:20,545 - INFO - Already exists: Invesco_India_Contra_Fund_Jul_2025.xlsx
2026-03-11 12:57:21,045 - INFO - Already exists: Invesco_India_Contra_Fund_Jun_2025.xlsx
2026-03-11 12:57:21,551 - INFO - Already exists: Invesco_India_Contra_Fund_May_2025.xlsx
2026-03-11 12:57:22,055 - INFO - Already exists: Invesco_India_Contra_Fund_Apr_2025.xlsx
2026-03-11 12:57:22,561 - INFO - Already exists: Invesco_India_Contra_Fund_Mar_2025.xlsx
2026-03-11 12:57:23,065 - INFO - Already exists: Invesco_India_Midcap_Fund_Dec_2025.xlsx
2026-03-11 12:57:23,575 - INFO - Already exists: Invesco_India_Midcap_Fund_Nov_2025.xlsx
2026-03-11 12:57:24,080 - INFO - Already exists: Invesco_India_Midcap_Fund_Oct_2025.xlsx
2026-03-11 12:57:24,584 - INFO - Already exists: Invesco_India_Midcap_Fund_Sep_2025.xlsx
2026-03-11 12:57:25,100 - INFO - Already exists: Invesco_India_Midcap_Fund_Aug_2025.xlsx
2026-03-11 12:57:25,604 - INFO - Already exists: Invesco_India_Midcap_Fund_Jul_2025.xlsx
2026-03-11 12:57:26,116 - INFO - Already exists: Invesco_India_Midcap_Fund_Jun_2025.xlsx
2026-03-11 12:57:26,624 - INFO - Already exists: Invesco_India_Midcap_Fund_May_2025.xlsx
2026-03-11 12:57:27,144 - INFO - Already exists: Invesco_India_Midcap_Fund_Apr_2025.xlsx
2026-03-11 12:57:27,703 - INFO - Already exists: Invesco_India_Midcap_Fund_Mar_2025.xlsx
2026-03-11 12:57:28,213 - INFO - Already exists: Invesco_India_Large_and_Mid_Cap_Fund_Dec_2025.xlsx
2026-03-11 12:57:28,722 - INFO - Already exists: Invesco_India_Large_and_Mid_Cap_Fund_Nov_2025.xlsx
2026-03-11 12:57:29,224 - INFO - Already exists: Invesco_India_Large_and_Mid_Cap_Fund_Oct_2025.xlsx
2026-03-11 12:57:29,730 - INFO - Already exists: Invesco_India_Large_and_Mid_Cap_Fund_Sep_2025.xlsx
2026-03-11 12:57:30,236 - INFO - Already exists: Invesco_India_Large_and_Mid_Cap_Fund_Aug_2025.xlsx
2026-03-11 12:57:30,742 - INFO - Already exists: Invesco_India_Large_and_Mid_Cap_Fund_Jul_2025.xlsx
2026-03-11 12:57:31,247 - INFO - Already exists: Invesco_India_Large_and_Mid_Cap_Fund_Jun_2025.xlsx
2026-03-11 12:57:31,749 - INFO - Already exists: Invesco_India_Large_and_Mid_Cap_Fund_May_2025.xlsx
2026-03-11 12:57:32,252 - INFO - Already exists: Invesco_India_Large_and_Mid_Cap_Fund_Apr_2025.xlsx
2026-03-11 12:57:32,758 - INFO - Already exists: Invesco_India_Large_and_Mid_Cap_Fund_Mar_2025.xlsx
2026-03-11 12:57:33,259 - INFO - Already exists: Invesco_India_Financial_Services_Fund_Dec_2025.xlsx
2026-03-11 12:57:33,759 - INFO - Already exists: Invesco_India_Financial_Services_Fund_Nov_2025.xlsx
2026-03-11 12:57:34,262 - INFO - Already exists: Invesco_India_Financial_Services_Fund_Oct_2025.xlsx
2026-03-11 12:57:34,769 - INFO - Already exists: Invesco_India_Financial_Services_Fund_Sep_2025.xlsx
2026-03-11 12:57:35,283 - INFO - Already exists: Invesco_India_Financial_Services_Fund_Aug_2025.xlsx
2026-03-11 12:57:35,788 - INFO - Already exists: Invesco_India_Financial_Services_Fund_Jul_2025.xlsx
2026-03-11 12:57:36,292 - INFO - Already exists: Invesco_India_Financial_Services_Fund_Jun_2025.xlsx
2026-03-11 12:57:36,801 - INFO - Already exists: Invesco_India_Financial_Services_Fund_May_2025.xlsx
2026-03-11 12:57:37,310 - INFO - Already exists: Invesco_India_Financial_Services_Fund_Apr_2025.xlsx
2026-03-11 12:57:37,817 - INFO - Already exists: Invesco_India_Financial_Services_Fund_Mar_2025.xlsx
2026-03-11 12:57:38,325 - INFO - Already exists: Invesco_India_Largecap_Fund_Dec_2025.xlsx
2026-03-11 12:57:38,832 - INFO - Already exists: Invesco_India_Largecap_Fund_Nov_2025.xlsx
2026-03-11 12:57:39,340 - INFO - Already exists: Invesco_India_Largecap_Fund_Oct_2025.xlsx
2026-03-11 12:57:39,847 - INFO - Already exists: Invesco_India_Largecap_Fund_Sep_2025.xlsx
2026-03-11 12:57:40,355 - INFO - Already exists: Invesco_India_Largecap_Fund_Aug_2025.xlsx
2026-03-11 12:57:40,868 - INFO - Already exists: Invesco_India_Largecap_Fund_Jul_2025.xlsx
2026-03-11 12:57:41,372 - INFO - Already exists: Invesco_India_Largecap_Fund_Jun_2025.xlsx
2026-03-11 12:57:41,876 - INFO - Already exists: Invesco_India_Largecap_Fund_May_2025.xlsx
2026-03-11 12:57:42,385 - INFO - Already exists: Invesco_India_Largecap_Fund_Apr_2025.xlsx
2026-03-11 12:57:42,888 - INFO - Already exists: Invesco_India_Largecap_Fund_Mar_2025.xlsx
2026-03-11 12:57:43,396 - INFO - Already exists: Invesco_India_PSU_Equity_Fund_Dec_2025.xlsx
2026-03-11 12:57:43,902 - INFO - Already exists: Invesco_India_PSU_Equity_Fund_Nov_2025.xlsx
2026-03-11 12:57:44,407 - INFO - Already exists: Invesco_India_PSU_Equity_Fund_Oct_2025.xlsx
2026-03-11 12:57:44,915 - INFO - Already exists: Invesco_India_PSU_Equity_Fund_Sep_2025.xlsx
2026-03-11 12:57:45,423 - INFO - Already exists: Invesco_India_PSU_Equity_Fund_Aug_2025.xlsx
2026-03-11 12:57:45,932 - INFO - Already exists: Invesco_India_PSU_Equity_Fund_Jul_2025.xlsx
2026-03-11 12:57:46,437 - INFO - Already exists: Invesco_India_PSU_Equity_Fund_Jun_2025.xlsx
2026-03-11 12:57:46,940 - INFO - Already exists: Invesco_India_PSU_Equity_Fund_May_2025.xlsx
2026-03-11 12:57:47,448 - INFO - Already exists: Invesco_India_PSU_Equity_Fund_Apr_2025.xlsx
2026-03-11 12:57:47,953 - INFO - Already exists: Invesco_India_PSU_Equity_Fund_Mar_2025.xlsx
2026-03-11 12:57:48,463 - INFO - Already exists: Invesco_India_Multicap_Fund_Dec_2025.xlsx
2026-03-11 12:57:48,974 - INFO - Already exists: Invesco_India_Multicap_Fund_Nov_2025.xlsx
2026-03-11 12:57:49,482 - INFO - Already exists: Invesco_India_Multicap_Fund_Oct_2025.xlsx
2026-03-11 12:57:49,992 - INFO - Already exists: Invesco_India_Multicap_Fund_Sep_2025.xlsx
2026-03-11 12:57:50,495 - INFO - Already exists: Invesco_India_Multicap_Fund_Aug_2025.xlsx
2026-03-11 12:57:51,000 - INFO - Already exists: Invesco_India_Multicap_Fund_Jul_2025.xlsx
2026-03-11 12:57:51,506 - INFO - Already exists: Invesco_India_Multicap_Fund_Jun_2025.xlsx
2026-03-11 12:57:52,012 - INFO - Already exists: Invesco_India_Multicap_Fund_May_2025.xlsx
2026-03-11 12:57:52,517 - INFO - Already exists: Invesco_India_Multicap_Fund_Apr_2025.xlsx
2026-03-11 12:57:53,024 - INFO - Already exists: Invesco_India_Multicap_Fund_Mar_2025.xlsx
2026-03-11 12:57:53,531 - INFO - Already exists: Invesco_India_Infrastructure_Fund_Dec_2025.xlsx
2026-03-11 12:57:54,037 - INFO - Already exists: Invesco_India_Infrastructure_Fund_Nov_2025.xlsx
2026-03-11 12:57:54,544 - INFO - Already exists: Invesco_India_Infrastructure_Fund_Oct_2025.xlsx
2026-03-11 12:57:55,050 - INFO - Already exists: Invesco_India_Infrastructure_Fund_Sep_2025.xlsx
2026-03-11 12:57:55,553 - INFO - Already exists: Invesco_India_Infrastructure_Fund_Aug_2025.xlsx
2026-03-11 12:57:56,059 - INFO - Already exists: Invesco_India_Infrastructure_Fund_Jul_2025.xlsx
2026-03-11 12:57:56,565 - INFO - Already exists: Invesco_India_Infrastructure_Fund_Jun_2025.xlsx
2026-03-11 12:57:57,070 - INFO - Already exists: Invesco_India_Infrastructure_Fund_May_2025.xlsx
2026-03-11 12:57:57,573 - INFO - Already exists: Invesco_India_Infrastructure_Fund_Apr_2025.xlsx
2026-03-11 12:57:58,076 - INFO - Already exists: Invesco_India_Infrastructure_Fund_Mar_2025.xlsx
2026-03-11 12:57:58,583 - INFO - Already exists: Invesco_India_Smallcap_Fund_Dec_2025.xlsx
2026-03-11 12:57:59,090 - INFO - Already exists: Invesco_India_Smallcap_Fund_Nov_2025.xlsx
2026-03-11 12:57:59,596 - INFO - Already exists: Invesco_India_Smallcap_Fund_Oct_2025.xlsx
2026-03-11 12:58:00,098 - INFO - Already exists: Invesco_India_Smallcap_Fund_Sep_2025.xlsx
2026-03-11 12:58:00,604 - INFO - Already exists: Invesco_India_Smallcap_Fund_Aug_2025.xlsx
2026-03-11 12:58:01,109 - INFO - Already exists: Invesco_India_Smallcap_Fund_Jul_2025.xlsx
2026-03-11 12:58:01,615 - INFO - Already exists: Invesco_India_Smallcap_Fund_Jun_2025.xlsx
2026-03-11 12:58:02,120 - INFO - Already exists: Invesco_India_Smallcap_Fund_May_2025.xlsx
2026-03-11 12:58:02,626 - INFO - Already exists: Invesco_India_Smallcap_Fund_Apr_2025.xlsx
2026-03-11 12:58:03,132 - INFO - Already exists: Invesco_India_Smallcap_Fund_Mar_2025.xlsx
2026-03-11 12:58:03,638 - INFO - Already exists: Invesco_India_Focused_Fund_Dec_2025.xlsx
2026-03-11 12:58:04,142 - INFO - Already exists: Invesco_India_Focused_Fund_Nov_2025.xlsx
2026-03-11 12:58:04,646 - INFO - Already exists: Invesco_India_Focused_Fund_Oct_2025.xlsx
2026-03-11 12:58:05,148 - INFO - Already exists: Invesco_India_Focused_Fund_Sep_2025.xlsx
2026-03-11 12:58:05,650 - INFO - Already exists: Invesco_India_Focused_Fund_Aug_2025.xlsx
2026-03-11 12:58:06,155 - INFO - Already exists: Invesco_India_Focused_Fund_Jul_2025.xlsx
2026-03-11 12:58:06,656 - INFO - Already exists: Invesco_India_Focused_Fund_Jun_2025.xlsx
2026-03-11 12:58:07,160 - INFO - Already exists: Invesco_India_Focused_Fund_May_2025.xlsx
2026-03-11 12:58:07,667 - INFO - Already exists: Invesco_India_Focused_Fund_Apr_2025.xlsx
2026-03-11 12:58:08,174 - INFO - Already exists: Invesco_India_Focused_Fund_Mar_2025.xlsx
2026-03-11 12:58:08,682 - INFO - Already exists: Invesco_India_ESG_Integration_Strategy_Fund_Dec_2025.xlsx
2026-03-11 12:58:09,188 - INFO - Already exists: Invesco_India_ESG_Integration_Strategy_Fund_Nov_2025.xlsx
2026-03-11 12:58:09,694 - INFO - Already exists: Invesco_India_ESG_Integration_Strategy_Fund_Oct_2025.xlsx
2026-03-11 12:58:10,200 - INFO - Already exists: Invesco_India_ESG_Integration_Strategy_Fund_Sep_2025.xlsx
2026-03-11 12:58:10,704 - INFO - Already exists: Invesco_India_ESG_Integration_Strategy_Fund_Aug_2025.xlsx
2026-03-11 12:58:11,211 - INFO - Already exists: Invesco_India_ESG_Integration_Strategy_Fund_Jul_2025.xlsx
2026-03-11 12:58:11,714 - INFO - Already exists: Invesco_India_ESG_Integration_Strategy_Fund_Jun_2025.xlsx
2026-03-11 12:58:12,223 - INFO - Already exists: Invesco_India_ESG_Integration_Strategy_Fund_May_2025.xlsx
2026-03-11 12:58:12,726 - INFO - Already exists: Invesco_India_ESG_Integration_Strategy_Fund_Apr_2025.xlsx
2026-03-11 12:58:13,235 - INFO - Already exists: Invesco_India_ESG_Integration_Strategy_Fund_Mar_2025.xlsx
2026-03-11 12:58:13,742 - INFO - Already exists: Invesco_India_Flexi_Cap_Fund_Dec_2025.xlsx
2026-03-11 12:58:14,243 - INFO - Already exists: Invesco_India_Flexi_Cap_Fund_Nov_2025.xlsx
2026-03-11 12:58:14,749 - INFO - Already exists: Invesco_India_Flexi_Cap_Fund_Oct_2025.xlsx
2026-03-11 12:58:15,253 - INFO - Already exists: Invesco_India_Flexi_Cap_Fund_Sep_2025.xlsx
2026-03-11 12:58:15,756 - INFO - Already exists: Invesco_India_Flexi_Cap_Fund_Aug_2025.xlsx
2026-03-11 12:58:16,262 - INFO - Already exists: Invesco_India_Flexi_Cap_Fund_Jul_2025.xlsx
2026-03-11 12:58:16,767 - INFO - Already exists: Invesco_India_Flexi_Cap_Fund_Jun_2025.xlsx
2026-03-11 12:58:17,273 - INFO - Already exists: Invesco_India_Flexi_Cap_Fund_May_2025.xlsx
2026-03-11 12:58:17,779 - INFO - Already exists: Invesco_India_Flexi_Cap_Fund_Apr_2025.xlsx
2026-03-11 12:58:18,285 - INFO - Already exists: Invesco_India_Flexi_Cap_Fund_Mar_2025.xlsx
2026-03-11 12:58:18,791 - INFO - Already exists: Invesco_India_Manufacturing_Fund_Dec_2025.xlsx
2026-03-11 12:58:19,297 - INFO - Already exists: Invesco_India_Manufacturing_Fund_Nov_2025.xlsx
2026-03-11 12:58:19,799 - INFO - Already exists: Invesco_India_Manufacturing_Fund_Oct_2025.xlsx
2026-03-11 12:58:20,305 - INFO - Already exists: Invesco_India_Manufacturing_Fund_Sep_2025.xlsx
2026-03-11 12:58:20,806 - INFO - Already exists: Invesco_India_Manufacturing_Fund_Aug_2025.xlsx
2026-03-11 12:58:21,312 - INFO - Already exists: Invesco_India_Manufacturing_Fund_Jul_2025.xlsx
2026-03-11 12:58:21,818 - INFO - Already exists: Invesco_India_Manufacturing_Fund_Jun_2025.xlsx
2026-03-11 12:58:22,322 - INFO - Already exists: Invesco_India_Manufacturing_Fund_May_2025.xlsx
2026-03-11 12:58:22,828 - INFO - Already exists: Invesco_India_Manufacturing_Fund_Apr_2025.xlsx
2026-03-11 12:58:23,330 - INFO - Already exists: Invesco_India_Manufacturing_Fund_Mar_2025.xlsx
2026-03-11 12:58:23,835 - INFO - Already exists: Invesco_India_Technology_Fund_Dec_2025.xlsx
2026-03-11 12:58:24,342 - INFO - Already exists: Invesco_India_Technology_Fund_Nov_2025.xlsx
2026-03-11 12:58:24,848 - INFO - Already exists: Invesco_India_Technology_Fund_Oct_2025.xlsx
2026-03-11 12:58:25,354 - INFO - Already exists: Invesco_India_Technology_Fund_Sep_2025.xlsx
2026-03-11 12:58:25,855 - INFO - Already exists: Invesco_India_Technology_Fund_Aug_2025.xlsx
2026-03-11 12:58:26,361 - INFO - Already exists: Invesco_India_Technology_Fund_Jul_2025.xlsx
2026-03-11 12:58:26,864 - INFO - Already exists: Invesco_India_Technology_Fund_Jun_2025.xlsx
2026-03-11 12:58:27,370 - INFO - Already exists: Invesco_India_Technology_Fund_May_2025.xlsx
2026-03-11 12:58:27,875 - INFO - Already exists: Invesco_India_Technology_Fund_Apr_2025.xlsx
2026-03-11 12:58:28,381 - INFO - Already exists: Invesco_India_Technology_Fund_Mar_2025.xlsx
2026-03-11 12:58:28,891 - INFO - Already exists: Invesco_India_Business_Cycle_Fund_Dec_2025.xlsx
2026-03-11 12:58:29,392 - INFO - Already exists: Invesco_India_Business_Cycle_Fund_Nov_2025.xlsx
2026-03-11 12:58:29,898 - INFO - Already exists: Invesco_India_Business_Cycle_Fund_Oct_2025.xlsx
2026-03-11 12:58:30,404 - INFO - Already exists: Invesco_India_Business_Cycle_Fund_Sep_2025.xlsx
2026-03-11 12:58:30,910 - INFO - Already exists: Invesco_India_Business_Cycle_Fund_Aug_2025.xlsx
2026-03-11 12:58:31,411 - INFO - Already exists: Invesco_India_Business_Cycle_Fund_Jul_2025.xlsx
2026-03-11 12:58:31,918 - INFO - Already exists: Invesco_India_Business_Cycle_Fund_Jun_2025.xlsx
2026-03-11 12:58:32,427 - INFO - Already exists: Invesco_India_Business_Cycle_Fund_May_2025.xlsx
2026-03-11 12:58:32,930 - INFO - Already exists: Invesco_India_Business_Cycle_Fund_Apr_2025.xlsx
2026-03-11 12:58:33,432 - INFO - Already exists: Invesco_India_Business_Cycle_Fund_Mar_2025.xlsx
2026-03-11 12:58:33,938 - INFO - Already exists: Invesco_India_Consumption_Fund_Dec_2025.xlsx
2026-03-11 12:58:34,443 - INFO - Already exists: Invesco_India_Consumption_Fund_Nov_2025.xlsx
2026-03-11 12:58:34,948 - INFO - Already exists: Invesco_India_Consumption_Fund_Oct_2025.xlsx
2026-03-11 12:58:35,449 - INFO - Already exists: Invesco_India_ELSS_Tax_Saver_Fund_Feb_2026.xlsx
2026-03-11 12:58:35,951 - INFO - Already exists: Invesco_India_ELSS_Tax_Saver_Fund_Jan_2026.xlsx
2026-03-11 12:58:36,455 - INFO - Already exists: Invesco_India_Contra_Fund_Feb_2026.xlsx
2026-03-11 12:58:36,961 - INFO - Already exists: Invesco_India_Contra_Fund_Jan_2026.xlsx
2026-03-11 12:58:37,465 - INFO - Already exists: Invesco_India_Midcap_Fund_Feb_2026.xlsx
2026-03-11 12:58:37,970 - INFO - Already exists: Invesco_India_Midcap_Fund_Jan_2026.xlsx
2026-03-11 12:58:38,478 - INFO - Already exists: Invesco_India_Large_and_Mid_Cap_Fund_Feb_2026.xlsx
2026-03-11 12:58:38,984 - INFO - Already exists: Invesco_India_Large_and_Mid_Cap_Fund_Jan_2026.xlsx
2026-03-11 12:58:39,489 - INFO - Already exists: Invesco_India_Financial_Services_Fund_Feb_2026.xlsx
2026-03-11 12:58:39,992 - INFO - Already exists: Invesco_India_Financial_Services_Fund_Jan_2026.xlsx
2026-03-11 12:58:40,494 - INFO - Already exists: Invesco_India_Largecap_Fund_Feb_2026.xlsx
2026-03-11 12:58:40,998 - INFO - Already exists: Invesco_India_Largecap_Fund_Jan_2026.xlsx
2026-03-11 12:58:41,500 - INFO - Already exists: Invesco_India_PSU_Equity_Fund_Feb_2026.xlsx
2026-03-11 12:58:42,008 - INFO - Already exists: Invesco_India_PSU_Equity_Fund_Jan_2026.xlsx
2026-03-11 12:58:42,514 - INFO - Already exists: Invesco_India_Multicap_Fund_Feb_2026.xlsx
2026-03-11 12:58:43,020 - INFO - Already exists: Invesco_India_Multicap_Fund_Jan_2026.xlsx
2026-03-11 12:58:43,524 - INFO - Already exists: Invesco_India_Infrastructure_Fund_Feb_2026.xlsx
2026-03-11 12:58:44,030 - INFO - Already exists: Invesco_India_Infrastructure_Fund_Jan_2026.xlsx
2026-03-11 12:58:44,535 - INFO - Already exists: Invesco_India_Smallcap_Fund_Feb_2026.xlsx
2026-03-11 12:58:45,037 - INFO - Already exists: Invesco_India_Smallcap_Fund_Jan_2026.xlsx
2026-03-11 12:58:45,540 - INFO - Already exists: Invesco_India_Focused_Fund_Feb_2026.xlsx
2026-03-11 12:58:46,046 - INFO - Already exists: Invesco_India_Focused_Fund_Jan_2026.xlsx
2026-03-11 12:58:46,548 - INFO - Already exists: Invesco_India_ESG_Integration_Strategy_Fund_Feb_2026.xlsx
2026-03-11 12:58:47,053 - INFO - Already exists: Invesco_India_ESG_Integration_Strategy_Fund_Jan_2026.xlsx
2026-03-11 12:58:47,554 - INFO - Already exists: Invesco_India_Flexi_Cap_Fund_Feb_2026.xlsx
2026-03-11 12:58:48,060 - INFO - Already exists: Invesco_India_Flexi_Cap_Fund_Jan_2026.xlsx
2026-03-11 12:58:48,566 - INFO - Already exists: Invesco_India_Manufacturing_Fund_Feb_2026.xlsx
2026-03-11 12:58:49,072 - INFO - Already exists: Invesco_India_Manufacturing_Fund_Jan_2026.xlsx
2026-03-11 12:58:49,578 - INFO - Already exists: Invesco_India_Technology_Fund_Feb_2026.xlsx
2026-03-11 12:58:50,084 - INFO - Already exists: Invesco_India_Technology_Fund_Jan_2026.xlsx
2026-03-11 12:58:50,590 - INFO - Already exists: Invesco_India_Business_Cycle_Fund_Feb_2026.xlsx
2026-03-11 12:58:51,091 - INFO - Already exists: Invesco_India_Business_Cycle_Fund_Jan_2026.xlsx
2026-03-11 12:58:51,598 - INFO - Already exists: Invesco_India_Consumption_Fund_Feb_2026.xlsx
2026-03-11 12:58:52,103 - INFO - Already exists: Invesco_India_Consumption_Fund_Jan_2026.xlsx
2026-03-11 12:58:52,609 - INFO - Backfill completed.
