2026-03-11 13:42:23,509 - INFO - Starting SBI scraper
2026-03-11 13:42:23,509 - INFO - Downloading SBI Monthly Portfolios
2026-03-11 13:42:23,509 - INFO - Trying: all-schemes-monthly-portfolio---as-on-28th-February-2026.xlsx
2026-03-11 13:42:24,436 - INFO - Downloaded: all-schemes-monthly-portfolio---as-on-28th-February-2026.xlsx
2026-03-11 13:42:24,437 - INFO - Trying: all-schemes-monthly-portfolio---as-on-31st-January-2026.xlsx
2026-03-11 13:42:25,164 - INFO - Downloaded: all-schemes-monthly-portfolio---as-on-31st-January-2026.xlsx
2026-03-11 13:42:25,166 - INFO - Trying: all-schemes-monthly-portfolio---as-on-31st-December-2025.xlsx
2026-03-11 13:42:25,934 - INFO - Downloaded: all-schemes-monthly-portfolio---as-on-31st-December-2025.xlsx
2026-03-11 13:42:25,936 - INFO - Trying: all-schemes-monthly-portfolio---as-on-30th-November-2025.xlsx
2026-03-11 13:42:26,617 - INFO - Downloaded: all-schemes-monthly-portfolio---as-on-30th-November-2025.xlsx
2026-03-11 13:42:26,618 - INFO - Trying: all-schemes-monthly-portfolio---as-on-31st-October-2025.xlsx
2026-03-11 13:42:27,434 - INFO - Downloaded: all-schemes-monthly-portfolio---as-on-31st-October-2025.xlsx
2026-03-11 13:42:27,435 - INFO - Trying: all-schemes-monthly-portfolio---as-on-30th-September-2025.xlsx
2026-03-11 13:42:27,693 - WARNING - Status 404 for https://www.sbimf.com/docs/default-source/scheme-portfolios/all-schemes-monthly-portfolio---as-on-30th-September-2025.xlsx
2026-03-11 13:42:29,910 - WARNING - Status 404 for https://www.sbimf.com/docs/default-source/scheme-portfolios/all-schemes-monthly-portfolio---as-on-30th-September-2025.xlsx
2026-03-11 13:42:32,173 - WARNING - Status 404 for https://www.sbimf.com/docs/default-source/scheme-portfolios/all-schemes-monthly-portfolio---as-on-30th-September-2025.xlsx
2026-03-11 13:42:34,179 - ERROR - Failed after retries: https://www.sbimf.com/docs/default-source/scheme-portfolios/all-schemes-monthly-portfolio---as-on-30th-September-2025.xlsx
2026-03-11 13:42:34,686 - INFO - Trying: all-scheme-monthly-portfolio---as-on-30th-September-2025.xlsx
2026-03-11 13:42:35,426 - INFO - Downloaded: all-scheme-monthly-portfolio---as-on-30th-September-2025.xlsx
2026-03-11 13:42:35,427 - INFO - Trying: all-schemes-monthly-portfolio---as-on-31st-August-2025.xlsx
2026-03-11 13:42:37,036 - INFO - Downloaded: all-schemes-monthly-portfolio---as-on-31st-August-2025.xlsx
2026-03-11 13:42:37,037 - INFO - Trying: all-schemes-monthly-portfolio---as-on-31st-July-2025.xlsx
2026-03-11 13:42:37,752 - INFO - Downloaded: all-schemes-monthly-portfolio---as-on-31st-July-2025.xlsx
2026-03-11 13:42:37,753 - INFO - Trying: all-schemes-monthly-portfolio---as-on-30th-June-2025.xlsx
2026-03-11 13:42:38,875 - INFO - Downloaded: all-schemes-monthly-portfolio---as-on-30th-June-2025.xlsx
2026-03-11 13:42:38,876 - INFO - Trying: all-schemes-monthly-portfolio---as-on-31st-May-2025.xlsx
2026-03-11 13:42:39,651 - INFO - Downloaded: all-schemes-monthly-portfolio---as-on-31st-May-2025.xlsx
2026-03-11 13:42:39,653 - INFO - Trying: all-schemes-monthly-portfolio---as-on-30th-April-2025.xlsx
2026-03-11 13:42:40,368 - INFO - Downloaded: all-schemes-monthly-portfolio---as-on-30th-April-2025.xlsx
2026-03-11 13:42:40,369 - INFO - Trying: all-schemes-monthly-portfolio---as-on-31st-March-2025.xlsx
2026-03-11 13:42:41,171 - INFO - Downloaded: all-schemes-monthly-portfolio---as-on-31st-March-2025.xlsx
2026-03-11 13:42:41,171 - INFO - SBI Backfill completed
2026-03-11 13:42:41,171 - INFO - SBI scraping completed
2026-03-11 14:36:08,255 - INFO - Starting SBI scraper
2026-03-11 14:36:08,255 - INFO - Downloading SBI Monthly Portfolios
2026-03-11 14:36:08,255 - INFO - Already exists: all-schemes-monthly-portfolio---as-on-28th-February-2026.xlsx
2026-03-11 14:36:08,255 - INFO - Already exists: all-schemes-monthly-portfolio---as-on-31st-January-2026.xlsx
2026-03-11 14:36:08,255 - INFO - Already exists: all-schemes-monthly-portfolio---as-on-31st-December-2025.xlsx
2026-03-11 14:36:08,255 - INFO - Already exists: all-schemes-monthly-portfolio---as-on-30th-November-2025.xlsx
2026-03-11 14:36:08,255 - INFO - Already exists: all-schemes-monthly-portfolio---as-on-31st-October-2025.xlsx
2026-03-11 14:36:08,255 - INFO - Trying: all-schemes-monthly-portfolio---as-on-30th-September-2025.xlsx
2026-03-11 14:36:08,505 - INFO - Downloaded: all-schemes-monthly-portfolio---as-on-30th-September-2025.xlsx
2026-03-11 14:36:08,505 - INFO - Already exists: all-schemes-monthly-portfolio---as-on-31st-August-2025.xlsx
2026-03-11 14:36:08,505 - INFO - Already exists: all-schemes-monthly-portfolio---as-on-31st-July-2025.xlsx
2026-03-11 14:36:08,506 - INFO - Already exists: all-schemes-monthly-portfolio---as-on-30th-June-2025.xlsx
2026-03-11 14:36:08,506 - INFO - Already exists: all-schemes-monthly-portfolio---as-on-31st-May-2025.xlsx
2026-03-11 14:36:08,506 - INFO - Already exists: all-schemes-monthly-portfolio---as-on-30th-April-2025.xlsx
2026-03-11 14:36:08,506 - INFO - Already exists: all-schemes-monthly-portfolio---as-on-31st-March-2025.xlsx
2026-03-11 14:36:08,506 - INFO - SBI Backfill completed
2026-03-11 14:36:08,506 - INFO - SBI scraping completed
